#
# There is insufficient memory for the Java Runtime Environment to continue.
# Native memory allocation (mmap) failed to map 5242880 bytes for G1 virtual space
# Possible reasons:
#   The system is out of physical RAM or swap space
#   The process is running with CompressedOops enabled, and the Java Heap may be blocking the growth of the native heap
# Possible solutions:
#   Reduce memory load on the system
#   Increase physical memory or swap space
#   Check if swap backing store is full
#   Decrease Java heap size (-Xmx/-Xms)
#   Decrease number of Java threads
#   Decrease Java thread stack sizes (-Xss)
#   Set larger code cache with -XX:ReservedCodeCacheSize=
#   JVM is running with Unscaled Compressed Oops mode in which the Java heap is
#     placed in the first 4GB address space. The Java Heap base address is the
#     maximum limit for the native heap growth. Please use -XX:HeapBaseMinAddress
#     to set the Java Heap base and to place the Java Heap above 4GB virtual address.
# This output file may be truncated or incomplete.
#
#  Out of Memory Error (os_windows.cpp:3530), pid=5396, tid=12716
#
# JRE version: Java(TM) SE Runtime Environment (18.0.2+9) (build 18.0.2+9-61)
# Java VM: Java HotSpot(TM) 64-Bit Server VM (18.0.2+9-61, mixed mode, sharing, tiered, compressed oops, compressed class ptrs, g1 gc, windows-amd64)
# No core dump will be written. Minidumps are not enabled by default on client versions of Windows
#

---------------  S U M M A R Y ------------

Command Line: -Dfile.encoding=UTF-8 -XX:+ShowCodeDetailsInExceptionMessages com.paymentservicepb.PaymentServicePbApplication

Host: Intel(R) Core(TM) i5-2450M CPU @ 2.50GHz, 4 cores, 1G,  Windows 10 , 64 bit Build 19041 (10.0.19041.1889)
Time: Sun Oct  9 22:36:54 2022 Hora oficial do Brasil elapsed time: 17.853194 seconds (0d 0h 0m 17s)

---------------  T H R E A D  ---------------

Current thread (0x00000257cb844bf0):  VMThread "VM Thread" [stack: 0x000000ca5e200000,0x000000ca5e300000] [id=12716]

Stack: [0x000000ca5e200000,0x000000ca5e300000]
Native frames: (J=compiled Java code, j=interpreted, Vv=VM code, C=native code)
V  [jvm.dll+0x6993ca]
V  [jvm.dll+0x7f481d]
V  [jvm.dll+0x7f612e]
V  [jvm.dll+0x7f67e3]
V  [jvm.dll+0x25cdaf]
V  [jvm.dll+0x696319]
V  [jvm.dll+0x68ae4a]
V  [jvm.dll+0x3223eb]
V  [jvm.dll+0x329dc6]
V  [jvm.dll+0x37eade]
V  [jvm.dll+0x37ed0f]
V  [jvm.dll+0x2fa16a]
V  [jvm.dll+0x2fcf66]
V  [jvm.dll+0x3073d5]
V  [jvm.dll+0x33c4e0]
V  [jvm.dll+0x7fb5cb]
V  [jvm.dll+0x7fc364]
V  [jvm.dll+0x7fc89c]
V  [jvm.dll+0x7fccf4]
V  [jvm.dll+0x7fcdb7]
V  [jvm.dll+0x7a125a]
V  [jvm.dll+0x698275]
C  [ucrtbase.dll+0x21bb2]
C  [KERNEL32.DLL+0x17034]
C  [ntdll.dll+0x526a1]

VM_Operation (0x000000ca5deff610): G1Concurrent, mode: safepoint, requested by thread 0x00000257cb7c41d0


---------------  P R O C E S S  ---------------

Threads class SMR info:
_java_thread_list=0x00000257edb8a870, length=19, elements={
0x00000257cb78f1c0, 0x00000257cb849480, 0x00000257cb84abd0, 0x00000257e7570410,
0x00000257e75721c0, 0x00000257e7572b60, 0x00000257e7573500, 0x00000257e75741d0,
0x00000257e759d070, 0x00000257e75bea60, 0x00000257eb831ec0, 0x00000257eb8449d0,
0x00000257ec256020, 0x00000257ec256d00, 0x00000257ec8d03b0, 0x00000257ec8d0880,
0x00000257ec8cf070, 0x00000257edbcaa90, 0x00000257edbcb430
}

Java Threads: ( => current thread )
  0x00000257cb78f1c0 JavaThread "main" [_thread_blocked, id=10976, stack(0x000000ca5dc00000,0x000000ca5dd00000)]
  0x00000257cb849480 JavaThread "Reference Handler" daemon [_thread_blocked, id=7988, stack(0x000000ca5e300000,0x000000ca5e400000)]
  0x00000257cb84abd0 JavaThread "Finalizer" daemon [_thread_blocked, id=8984, stack(0x000000ca5e400000,0x000000ca5e500000)]
  0x00000257e7570410 JavaThread "Signal Dispatcher" daemon [_thread_blocked, id=8640, stack(0x000000ca5e500000,0x000000ca5e600000)]
  0x00000257e75721c0 JavaThread "Attach Listener" daemon [_thread_blocked, id=7876, stack(0x000000ca5e600000,0x000000ca5e700000)]
  0x00000257e7572b60 JavaThread "Service Thread" daemon [_thread_blocked, id=9664, stack(0x000000ca5e700000,0x000000ca5e800000)]
  0x00000257e7573500 JavaThread "Monitor Deflation Thread" daemon [_thread_blocked, id=8304, stack(0x000000ca5e800000,0x000000ca5e900000)]
  0x00000257e75741d0 JavaThread "C2 CompilerThread0" daemon [_thread_blocked, id=5324, stack(0x000000ca5e900000,0x000000ca5ea00000)]
  0x00000257e759d070 JavaThread "C1 CompilerThread0" daemon [_thread_blocked, id=7020, stack(0x000000ca5ea00000,0x000000ca5eb00000)]
  0x00000257e75bea60 JavaThread "Sweeper thread" daemon [_thread_blocked, id=11652, stack(0x000000ca5eb00000,0x000000ca5ec00000)]
  0x00000257eb831ec0 JavaThread "Notification Thread" daemon [_thread_blocked, id=7220, stack(0x000000ca5ec00000,0x000000ca5ed00000)]
  0x00000257eb8449d0 JavaThread "Common-Cleaner" daemon [_thread_blocked, id=12228, stack(0x000000ca5ee00000,0x000000ca5ef00000)]
  0x00000257ec256020 JavaThread "Thread-0" [_thread_blocked, id=8480, stack(0x000000ca5f300000,0x000000ca5f400000)]
  0x00000257ec256d00 JavaThread "restartedMain" [_thread_blocked, id=11944, stack(0x000000ca5f400000,0x000000ca5f500000)]
  0x00000257ec8d03b0 JavaThread "HikariPool-1 housekeeper" daemon [_thread_blocked, id=3004, stack(0x000000ca5f500000,0x000000ca5f600000)]
  0x00000257ec8d0880 JavaThread "HikariPool-1 connection adder" daemon [_thread_blocked, id=11440, stack(0x000000ca5f600000,0x000000ca5f700000)]
  0x00000257ec8cf070 JavaThread "Catalina-utility-1" [_thread_blocked, id=8344, stack(0x000000ca5f700000,0x000000ca5f800000)]
  0x00000257edbcaa90 JavaThread "Catalina-utility-2" [_thread_blocked, id=868, stack(0x000000ca5f800000,0x000000ca5f900000)]
  0x00000257edbcb430 JavaThread "container-0" [_thread_blocked, id=1160, stack(0x000000ca5f900000,0x000000ca5fa00000)]

Other Threads:
=>0x00000257cb844bf0 VMThread "VM Thread" [stack: 0x000000ca5e200000,0x000000ca5e300000] [id=12716]
  0x00000257eb8347a0 WatcherThread "VM Periodic Task Thread" [stack: 0x000000ca5ed00000,0x000000ca5ee00000] [id=12832]
  0x00000257cb7bf860 WorkerThread "GC Thread#0" [stack: 0x000000ca5dd00000,0x000000ca5de00000] [id=7240]
  0x00000257ebd5fb50 WorkerThread "GC Thread#1" [stack: 0x000000ca5ef00000,0x000000ca5f000000] [id=5892]
  0x00000257ebd6a3e0 WorkerThread "GC Thread#2" [stack: 0x000000ca5f000000,0x000000ca5f100000] [id=8224]
  0x00000257ebf9ae80 WorkerThread "GC Thread#3" [stack: 0x000000ca5f100000,0x000000ca5f200000] [id=12092]
  0x00000257cb7c41d0 ConcurrentGCThread "G1 Main Marker" [stack: 0x000000ca5de00000,0x000000ca5df00000] [id=9940]
  0x00000257cb7c7450 WorkerThread "G1 Conc#0" [stack: 0x000000ca5df00000,0x000000ca5e000000] [id=6508]
  0x00000257cb7e58d0 ConcurrentGCThread "G1 Refine#0" [stack: 0x000000ca5e000000,0x000000ca5e100000] [id=6516]
  0x00000257ebd5fdf0 ConcurrentGCThread "G1 Refine#1" [stack: 0x000000ca5f200000,0x000000ca5f300000] [id=932]
  0x00000257cb7e6a50 ConcurrentGCThread "G1 Service" [stack: 0x000000ca5e100000,0x000000ca5e200000] [id=6896]

Threads with active compile tasks:

VM state: at safepoint (normal execution)

VM Mutex/Monitor currently owned by a thread:  ([mutex/lock_event])
[0x00000257cb78c570] Threads_lock - owner thread: 0x00000257cb844bf0
[0x00000257cb78b6d0] Heap_lock - owner thread: 0x00000257cb7c41d0

Heap address: 0x00000000e2e00000, size: 466 MB, Compressed Oops mode: 32-bit

CDS archive(s) mapped at: [0x0000000800000000-0x0000000800ba0000-0x0000000800ba0000), size 12189696, SharedBaseAddress: 0x0000000800000000, ArchiveRelocationMode: 0.
Compressed class space mapped at: 0x0000000800c00000-0x0000000840c00000, reserved size: 1073741824
Narrow klass base: 0x0000000800000000, Narrow klass shift: 0, Narrow klass range: 0x100000000

GC Precious Log:
 CardTable entry size: 512
 Card Set container configuration: InlinePtr #cards 5 size 8 Array Of Cards #cards 12 size 40 Howl #buckets 4 coarsen threshold 1843 Howl Bitmap #cards 512 size 80 coarsen threshold 460 Card regions per heap region 1 cards per card region 2048
 CPUs: 4 total, 4 available
 Memory: 1861M
 Large Page Support: Disabled
 NUMA Support: Disabled
 Compressed Oops: Enabled (32-bit)
 Heap Region Size: 1M
 Heap Min Capacity: 8M
 Heap Initial Capacity: 30M
 Heap Max Capacity: 466M
 Pre-touch: Disabled
 Parallel Workers: 4
 Concurrent Workers: 1
 Concurrent Refinement Workers: 4
 Periodic GC: Disabled

Heap:
 garbage-first heap   total 37888K, used 23258K [0x00000000e2e00000, 0x0000000100000000)
  region size 1024K, 4 young (4096K), 2 survivors (2048K)
 Metaspace       used 44195K, committed 44608K, reserved 1114112K
  class space    used 5740K, committed 5952K, reserved 1048576K

Heap Regions: E=young(eden), S=young(survivor), O=old, HS=humongous(starts), HC=humongous(continues), CS=collection set, F=free, OA=open archive, CA=closed archive, TAMS=top-at-mark-start (previous, next)
|   0|0x00000000e2e00000, 0x00000000e2f00000, 0x00000000e2f00000|100%|HS|  |TAMS 0x00000000e2f00000, 0x00000000e2e00000| Complete 
|   1|0x00000000e2f00000, 0x00000000e3000000, 0x00000000e3000000|100%| O|  |TAMS 0x00000000e3000000, 0x00000000e2f00000| Untracked 
|   2|0x00000000e3000000, 0x00000000e3100000, 0x00000000e3100000|100%| O|  |TAMS 0x00000000e3100000, 0x00000000e3000000| Untracked 
|   3|0x00000000e3100000, 0x00000000e3200000, 0x00000000e3200000|100%| O|  |TAMS 0x00000000e3200000, 0x00000000e3100000| Untracked 
|   4|0x00000000e3200000, 0x00000000e3300000, 0x00000000e3300000|100%| O|  |TAMS 0x00000000e3300000, 0x00000000e3200000| Updating 
|   5|0x00000000e3300000, 0x00000000e3400000, 0x00000000e3400000|100%| O|  |TAMS 0x00000000e3400000, 0x00000000e3300000| Untracked 
|   6|0x00000000e3400000, 0x00000000e3500000, 0x00000000e3500000|100%| O|  |TAMS 0x00000000e3500000, 0x00000000e3400000| Untracked 
|   7|0x00000000e3500000, 0x00000000e3600000, 0x00000000e3600000|100%| O|  |TAMS 0x00000000e3600000, 0x00000000e3500000| Untracked 
|   8|0x00000000e3600000, 0x00000000e3700000, 0x00000000e3700000|100%| O|  |TAMS 0x00000000e3700000, 0x00000000e3600000| Updating 
|   9|0x00000000e3700000, 0x00000000e3800000, 0x00000000e3800000|100%| O|  |TAMS 0x00000000e3800000, 0x00000000e3700000| Updating 
|  10|0x00000000e3800000, 0x00000000e3900000, 0x00000000e3900000|100%| O|  |TAMS 0x00000000e3900000, 0x00000000e3800000| Updating 
|  11|0x00000000e3900000, 0x00000000e3a00000, 0x00000000e3a00000|100%| O|  |TAMS 0x00000000e3a00000, 0x00000000e3900000| Updating 
|  12|0x00000000e3a00000, 0x00000000e3b00000, 0x00000000e3b00000|100%| O|  |TAMS 0x00000000e3b00000, 0x00000000e3a00000| Updating 
|  13|0x00000000e3b00000, 0x00000000e3c00000, 0x00000000e3c00000|100%| O|  |TAMS 0x00000000e3c00000, 0x00000000e3b00000| Untracked 
|  14|0x00000000e3c00000, 0x00000000e3d00000, 0x00000000e3d00000|100%| O|  |TAMS 0x00000000e3d00000, 0x00000000e3c00000| Untracked 
|  15|0x00000000e3d00000, 0x00000000e3e00000, 0x00000000e3e00000|100%| O|  |TAMS 0x00000000e3e00000, 0x00000000e3d00000| Untracked 
|  16|0x00000000e3e00000, 0x00000000e3f00000, 0x00000000e3f00000|100%| O|  |TAMS 0x00000000e3f00000, 0x00000000e3e00000| Untracked 
|  17|0x00000000e3f00000, 0x00000000e4000000, 0x00000000e4000000|100%| O|  |TAMS 0x00000000e4000000, 0x00000000e3f00000| Updating 
|  18|0x00000000e4000000, 0x00000000e4100000, 0x00000000e4100000|100%| O|  |TAMS 0x00000000e4100000, 0x00000000e4000000| Untracked 
|  19|0x00000000e4100000, 0x00000000e4200000, 0x00000000e4200000|100%| O|  |TAMS 0x00000000e41daa00, 0x00000000e4100000| Untracked 
|  20|0x00000000e4200000, 0x00000000e426fc00, 0x00000000e4300000| 43%| O|  |TAMS 0x00000000e4200000, 0x00000000e4200000| Updating 
|  21|0x00000000e4300000, 0x00000000e4300000, 0x00000000e4400000|  0%| F|  |TAMS 0x00000000e4300000, 0x00000000e4300000| Untracked 
|  22|0x00000000e4400000, 0x00000000e4400000, 0x00000000e4500000|  0%| F|  |TAMS 0x00000000e4400000, 0x00000000e4400000| Untracked 
|  23|0x00000000e4500000, 0x00000000e4500000, 0x00000000e4600000|  0%| F|  |TAMS 0x00000000e4500000, 0x00000000e4500000| Untracked 
|  24|0x00000000e4600000, 0x00000000e4600000, 0x00000000e4700000|  0%| F|  |TAMS 0x00000000e4600000, 0x00000000e4600000| Untracked 
|  25|0x00000000e4700000, 0x00000000e4700000, 0x00000000e4800000|  0%| F|  |TAMS 0x00000000e4700000, 0x00000000e4700000| Untracked 
|  26|0x00000000e4800000, 0x00000000e4846c50, 0x00000000e4900000| 27%| S|CS|TAMS 0x00000000e4800000, 0x00000000e4800000| Complete 
|  27|0x00000000e4900000, 0x00000000e4900000, 0x00000000e4a00000|  0%| F|  |TAMS 0x00000000e4900000, 0x00000000e4900000| Untracked 
|  28|0x00000000e4a00000, 0x00000000e4b00000, 0x00000000e4b00000|100%| S|CS|TAMS 0x00000000e4a00000, 0x00000000e4a00000| Complete 
|  29|0x00000000e4b00000, 0x00000000e4b00000, 0x00000000e4c00000|  0%| F|  |TAMS 0x00000000e4b00000, 0x00000000e4b00000| Untracked 
|  30|0x00000000e4c00000, 0x00000000e4c00000, 0x00000000e4d00000|  0%| F|  |TAMS 0x00000000e4c00000, 0x00000000e4c00000| Untracked 
|  31|0x00000000e4d00000, 0x00000000e4d00000, 0x00000000e4e00000|  0%| F|  |TAMS 0x00000000e4d00000, 0x00000000e4d00000| Untracked 
|  32|0x00000000e4e00000, 0x00000000e4e00000, 0x00000000e4f00000|  0%| F|  |TAMS 0x00000000e4e00000, 0x00000000e4e00000| Untracked 
|  33|0x00000000e4f00000, 0x00000000e4f00000, 0x00000000e5000000|  0%| F|  |TAMS 0x00000000e4f00000, 0x00000000e4f00000| Untracked 
|  34|0x00000000e5000000, 0x00000000e5000000, 0x00000000e5100000|  0%| F|  |TAMS 0x00000000e5000000, 0x00000000e5000000| Untracked 
|  35|0x00000000e5100000, 0x00000000e5129020, 0x00000000e5200000| 16%| E|  |TAMS 0x00000000e5100000, 0x00000000e5100000| Complete 
|  36|0x00000000e5200000, 0x00000000e5300000, 0x00000000e5300000|100%| E|CS|TAMS 0x00000000e5200000, 0x00000000e5200000| Complete 

Card table byte_map: [0x00000257e3fb0000,0x00000257e40a0000] _byte_map_base: 0x00000257e3899000

Marking Bits (Prev, Next): (CMBitMap*) 0x00000257cb7bfe60, (CMBitMap*) 0x00000257cb7bfea0
 Prev Bits: [0x00000257e4190000, 0x00000257e48d8000)
 Next Bits: [0x00000257e48e0000, 0x00000257e5028000)

Polling page: 0x00000257cb850000

Metaspace:

Usage:
  Non-class:     37.55 MB used.
      Class:      5.61 MB used.
       Both:     43.16 MB used.

Virtual space:
  Non-class space:       64.00 MB reserved,      37.75 MB ( 59%) committed,  1 nodes.
      Class space:        1.00 GB reserved,       5.81 MB ( <1%) committed,  1 nodes.
             Both:        1.06 GB reserved,      43.56 MB (  4%) committed. 

Chunk freelists:
   Non-Class:  2.25 MB
       Class:  2.11 MB
        Both:  4.36 MB

MaxMetaspaceSize: unlimited
CompressedClassSpaceSize: 1.00 GB
Initial GC threshold: 21.00 MB
Current GC threshold: 64.50 MB
CDS: on
MetaspaceReclaimPolicy: balanced
 - commit_granule_bytes: 65536.
 - commit_granule_words: 8192.
 - virtual_space_node_default_size: 8388608.
 - enlarge_chunks_in_place: 1.
 - new_chunks_are_fully_committed: 0.
 - uncommit_free_chunks: 1.
 - use_allocation_guard: 0.


Internal statistics:

num_allocs_failed_limit: 3.
num_arena_births: 422.
num_arena_deaths: 0.
num_vsnodes_births: 2.
num_vsnodes_deaths: 0.
num_space_committed: 697.
num_space_uncommitted: 0.
num_chunks_returned_to_freelist: 3.
num_chunks_taken_from_freelist: 1981.
num_chunk_merges: 3.
num_chunk_splits: 1424.
num_chunks_enlarged: 1187.
num_inconsistent_stats: 0.

CodeHeap 'non-profiled nmethods': size=120000Kb used=1984Kb max_used=1984Kb free=118015Kb
 bounds [0x00000257dc360000, 0x00000257dc5d0000, 0x00000257e3890000]
CodeHeap 'profiled nmethods': size=120000Kb used=9421Kb max_used=9421Kb free=110578Kb
 bounds [0x00000257d4e30000, 0x00000257d5770000, 0x00000257dc360000]
CodeHeap 'non-nmethods': size=5760Kb used=1289Kb max_used=1304Kb free=4470Kb
 bounds [0x00000257d4890000, 0x00000257d4b00000, 0x00000257d4e30000]
 total_blobs=4809 nmethods=4208 adapters=512
 compilation: enabled
              stopped_count=0, restarted_count=0
 full_count=0

Compilation events (20 events):
Event: 17.735 Thread 0x00000257e75741d0 nmethod 4215 0x00000257dc54e510 code [0x00000257dc54e680, 0x00000257dc54e6f8]
Event: 17.737 Thread 0x00000257e759d070 nmethod 4227 0x00000257d5759790 code [0x00000257d5759d20, 0x00000257d575d378]
Event: 17.737 Thread 0x00000257e759d070 4229       3       org.hibernate.boot.internal.InFlightMetadataCollectorImpl::getDatabase (27 bytes)
Event: 17.738 Thread 0x00000257e759d070 nmethod 4229 0x00000257d575e590 code [0x00000257d575e760, 0x00000257d575ecb8]
Event: 17.738 Thread 0x00000257e759d070 4228       3       java.util.Spliterators$ArraySpliterator::<init> (33 bytes)
Event: 17.738 Thread 0x00000257e759d070 nmethod 4228 0x00000257d575ee90 code [0x00000257d575f020, 0x00000257d575f1f8]
Event: 17.750 Thread 0x00000257e75741d0 4230       4       java.lang.reflect.Method::equals (65 bytes)
Event: 17.752 Thread 0x00000257e759d070 4234       3       org.springframework.aop.support.AopUtils::canApply (206 bytes)
Event: 17.755 Thread 0x00000257e75741d0 nmethod 4230 0x00000257dc54e810 code [0x00000257dc54e9a0, 0x00000257dc54eb38]
Event: 17.755 Thread 0x00000257e75741d0 4231       4       java.util.HashSet::iterator (13 bytes)
Event: 17.756 Thread 0x00000257e759d070 nmethod 4234 0x00000257d575f290 code [0x00000257d575f760, 0x00000257d57620e8]
Event: 17.771 Thread 0x00000257e75741d0 nmethod 4231 0x00000257dc54ec90 code [0x00000257dc54ee40, 0x00000257dc54f518]
Event: 17.772 Thread 0x00000257e75741d0 4233       4       java.util.LinkedHashMap::keySet (25 bytes)
Event: 17.775 Thread 0x00000257e75741d0 nmethod 4233 0x00000257dc54f890 code [0x00000257dc54fa20, 0x00000257dc54fbd8]
Event: 17.775 Thread 0x00000257e75741d0 4232       4       java.util.HashMap::<init> (98 bytes)
Event: 17.777 Thread 0x00000257e75741d0 nmethod 4232 0x00000257dc54fc90 code [0x00000257dc54fe00, 0x00000257dc54ff78]
Event: 17.791 Thread 0x00000257e759d070 4235       3       jdk.internal.misc.Unsafe::getIntUnaligned (12 bytes)
Event: 17.791 Thread 0x00000257e759d070 nmethod 4235 0x00000257d5762d10 code [0x00000257d5762ec0, 0x00000257d5763118]
Event: 17.810 Thread 0x00000257e759d070 4236       3       java.util.Collections$UnmodifiableMap$UnmodifiableEntrySet$UnmodifiableEntry::getKey (10 bytes)
Event: 17.810 Thread 0x00000257e759d070 nmethod 4236 0x00000257d5763210 code [0x00000257d57633c0, 0x00000257d5763588]

GC Heap History (20 events):
Event: 13.634 GC heap before
{Heap before GC invocations=13 (full 0):
 garbage-first heap   total 30720K, used 24418K [0x00000000e2e00000, 0x0000000100000000)
  region size 1024K, 11 young (11264K), 2 survivors (2048K)
 Metaspace       used 26875K, committed 27264K, reserved 1114112K
  class space    used 3442K, committed 3584K, reserved 1048576K
}
Event: 13.641 GC heap after
{Heap after GC invocations=14 (full 0):
 garbage-first heap   total 30720K, used 16541K [0x00000000e2e00000, 0x0000000100000000)
  region size 1024K, 2 young (2048K), 2 survivors (2048K)
 Metaspace       used 26875K, committed 27264K, reserved 1114112K
  class space    used 3442K, committed 3584K, reserved 1048576K
}
Event: 13.953 GC heap before
{Heap before GC invocations=14 (full 0):
 garbage-first heap   total 30720K, used 23709K [0x00000000e2e00000, 0x0000000100000000)
  region size 1024K, 9 young (9216K), 2 survivors (2048K)
 Metaspace       used 28265K, committed 28672K, reserved 1114112K
  class space    used 3591K, committed 3776K, reserved 1048576K
}
Event: 13.957 GC heap after
{Heap after GC invocations=15 (full 0):
 garbage-first heap   total 30720K, used 17486K [0x00000000e2e00000, 0x0000000100000000)
  region size 1024K, 1 young (1024K), 1 survivors (1024K)
 Metaspace       used 28265K, committed 28672K, reserved 1114112K
  class space    used 3591K, committed 3776K, reserved 1048576K
}
Event: 14.296 GC heap before
{Heap before GC invocations=16 (full 0):
 garbage-first heap   total 32768K, used 23630K [0x00000000e2e00000, 0x0000000100000000)
  region size 1024K, 7 young (7168K), 1 survivors (1024K)
 Metaspace       used 29139K, committed 29440K, reserved 1114112K
  class space    used 3668K, committed 3776K, reserved 1048576K
}
Event: 14.299 GC heap after
{Heap after GC invocations=17 (full 0):
 garbage-first heap   total 32768K, used 18024K [0x00000000e2e00000, 0x0000000100000000)
  region size 1024K, 1 young (1024K), 1 survivors (1024K)
 Metaspace       used 29139K, committed 29440K, reserved 1114112K
  class space    used 3668K, committed 3776K, reserved 1048576K
}
Event: 14.661 GC heap before
{Heap before GC invocations=17 (full 0):
 garbage-first heap   total 32768K, used 25192K [0x00000000e2e00000, 0x0000000100000000)
  region size 1024K, 8 young (8192K), 1 survivors (1024K)
 Metaspace       used 30866K, committed 31232K, reserved 1114112K
  class space    used 3859K, committed 4032K, reserved 1048576K
}
Event: 14.664 GC heap after
{Heap after GC invocations=18 (full 0):
 garbage-first heap   total 32768K, used 18646K [0x00000000e2e00000, 0x0000000100000000)
  region size 1024K, 1 young (1024K), 1 survivors (1024K)
 Metaspace       used 30866K, committed 31232K, reserved 1114112K
  class space    used 3859K, committed 4032K, reserved 1048576K
}
Event: 14.854 GC heap before
{Heap before GC invocations=19 (full 0):
 garbage-first heap   total 35840K, used 23766K [0x00000000e2e00000, 0x0000000100000000)
  region size 1024K, 7 young (7168K), 1 survivors (1024K)
 Metaspace       used 32735K, committed 33088K, reserved 1114112K
  class space    used 4053K, committed 4224K, reserved 1048576K
}
Event: 14.856 GC heap after
{Heap after GC invocations=20 (full 0):
 garbage-first heap   total 35840K, used 19450K [0x00000000e2e00000, 0x0000000100000000)
  region size 1024K, 1 young (1024K), 1 survivors (1024K)
 Metaspace       used 32735K, committed 33088K, reserved 1114112K
  class space    used 4053K, committed 4224K, reserved 1048576K
}
Event: 15.212 GC heap before
{Heap before GC invocations=20 (full 0):
 garbage-first heap   total 35840K, used 27642K [0x00000000e2e00000, 0x0000000100000000)
  region size 1024K, 9 young (9216K), 1 survivors (1024K)
 Metaspace       used 34353K, committed 34688K, reserved 1114112K
  class space    used 4259K, committed 4416K, reserved 1048576K
}
Event: 15.217 GC heap after
{Heap after GC invocations=21 (full 0):
 garbage-first heap   total 35840K, used 19884K [0x00000000e2e00000, 0x0000000100000000)
  region size 1024K, 2 young (2048K), 2 survivors (2048K)
 Metaspace       used 34353K, committed 34688K, reserved 1114112K
  class space    used 4259K, committed 4416K, reserved 1048576K
}
Event: 15.718 GC heap before
{Heap before GC invocations=22 (full 0):
 garbage-first heap   total 37888K, used 28076K [0x00000000e2e00000, 0x0000000100000000)
  region size 1024K, 10 young (10240K), 2 survivors (2048K)
 Metaspace       used 36469K, committed 36864K, reserved 1114112K
  class space    used 4534K, committed 4736K, reserved 1048576K
}
Event: 15.722 GC heap after
{Heap after GC invocations=23 (full 0):
 garbage-first heap   total 37888K, used 20434K [0x00000000e2e00000, 0x0000000100000000)
  region size 1024K, 1 young (1024K), 1 survivors (1024K)
 Metaspace       used 36469K, committed 36864K, reserved 1114112K
  class space    used 4534K, committed 4736K, reserved 1048576K
}
Event: 16.559 GC heap before
{Heap before GC invocations=23 (full 0):
 garbage-first heap   total 37888K, used 29650K [0x00000000e2e00000, 0x0000000100000000)
  region size 1024K, 10 young (10240K), 1 survivors (1024K)
 Metaspace       used 39017K, committed 39360K, reserved 1114112K
  class space    used 4876K, committed 5056K, reserved 1048576K
}
Event: 16.563 GC heap after
{Heap after GC invocations=24 (full 0):
 garbage-first heap   total 37888K, used 20879K [0x00000000e2e00000, 0x0000000100000000)
  region size 1024K, 2 young (2048K), 2 survivors (2048K)
 Metaspace       used 39017K, committed 39360K, reserved 1114112K
  class space    used 4876K, committed 5056K, reserved 1048576K
}
Event: 17.153 GC heap before
{Heap before GC invocations=25 (full 0):
 garbage-first heap   total 37888K, used 29071K [0x00000000e2e00000, 0x0000000100000000)
  region size 1024K, 11 young (11264K), 2 survivors (2048K)
 Metaspace       used 41610K, committed 41984K, reserved 1114112K
  class space    used 5377K, committed 5568K, reserved 1048576K
}
Event: 17.158 GC heap after
{Heap after GC invocations=26 (full 0):
 garbage-first heap   total 37888K, used 21548K [0x00000000e2e00000, 0x0000000100000000)
  region size 1024K, 2 young (2048K), 2 survivors (2048K)
 Metaspace       used 41610K, committed 41984K, reserved 1114112K
  class space    used 5377K, committed 5568K, reserved 1048576K
}
Event: 17.742 GC heap before
{Heap before GC invocations=26 (full 0):
 garbage-first heap   total 37888K, used 29740K [0x00000000e2e00000, 0x0000000100000000)
  region size 1024K, 10 young (10240K), 2 survivors (2048K)
 Metaspace       used 43888K, committed 44288K, reserved 1114112K
  class space    used 5710K, committed 5888K, reserved 1048576K
}
Event: 17.746 GC heap after
{Heap after GC invocations=27 (full 0):
 garbage-first heap   total 37888K, used 22234K [0x00000000e2e00000, 0x0000000100000000)
  region size 1024K, 2 young (2048K), 2 survivors (2048K)
 Metaspace       used 43888K, committed 44288K, reserved 1114112K
  class space    used 5710K, committed 5888K, reserved 1048576K
}

Deoptimization events (20 events):
Event: 15.670 Thread 0x00000257ec256d00 Uncommon trap: trap_request=0xffffff45 fr.pc=0x00000257dc425cb8 relative=0x0000000000000218
Event: 15.670 Thread 0x00000257ec256d00 Uncommon trap: reason=unstable_if action=reinterpret pc=0x00000257dc425cb8 method=jdk.internal.org.objectweb.asm.Frame.push(I)V @ 26 c2
Event: 15.670 Thread 0x00000257ec256d00 DEOPT PACKING pc=0x00000257dc425cb8 sp=0x000000ca5f4fca20
Event: 15.670 Thread 0x00000257ec256d00 DEOPT UNPACKING pc=0x00000257d48e23a3 sp=0x000000ca5f4fc9c8 mode 2
Event: 15.850 Thread 0x00000257ec256d00 Uncommon trap: trap_request=0xffffff45 fr.pc=0x00000257dc4004e4 relative=0x0000000000003824
Event: 15.850 Thread 0x00000257ec256d00 Uncommon trap: reason=unstable_if action=reinterpret pc=0x00000257dc4004e4 method=java.net.URL.<init>(Ljava/net/URL;Ljava/lang/String;Ljava/net/URLStreamHandler;)V @ 57 c2
Event: 15.850 Thread 0x00000257ec256d00 DEOPT PACKING pc=0x00000257dc4004e4 sp=0x000000ca5f4fdba0
Event: 15.850 Thread 0x00000257ec256d00 DEOPT UNPACKING pc=0x00000257d48e23a3 sp=0x000000ca5f4fdb40 mode 2
Event: 15.850 Thread 0x00000257ec256d00 Uncommon trap: trap_request=0xffffff45 fr.pc=0x00000257dc485c34 relative=0x0000000000001ab4
Event: 15.850 Thread 0x00000257ec256d00 Uncommon trap: reason=unstable_if action=reinterpret pc=0x00000257dc485c34 method=java.net.URLStreamHandler.parseURL(Ljava/net/URL;Ljava/lang/String;II)V @ 57 c2
Event: 15.850 Thread 0x00000257ec256d00 DEOPT PACKING pc=0x00000257dc485c34 sp=0x000000ca5f4fda20
Event: 15.850 Thread 0x00000257ec256d00 DEOPT UNPACKING pc=0x00000257d48e23a3 sp=0x000000ca5f4fd9b0 mode 2
Event: 17.723 Thread 0x00000257ec256d00 Uncommon trap: trap_request=0xffffff45 fr.pc=0x00000257dc4cea74 relative=0x0000000000000074
Event: 17.723 Thread 0x00000257ec256d00 Uncommon trap: reason=unstable_if action=reinterpret pc=0x00000257dc4cea74 method=jdk.internal.misc.Unsafe.convEndian(ZI)I @ 4 c2
Event: 17.723 Thread 0x00000257ec256d00 DEOPT PACKING pc=0x00000257dc4cea74 sp=0x000000ca5f4fd690
Event: 17.723 Thread 0x00000257ec256d00 DEOPT UNPACKING pc=0x00000257d48e23a3 sp=0x000000ca5f4fd598 mode 2
Event: 17.741 Thread 0x00000257ec256d00 Uncommon trap: trap_request=0xffffff45 fr.pc=0x00000257dc48aec8 relative=0x00000000000001a8
Event: 17.741 Thread 0x00000257ec256d00 Uncommon trap: reason=unstable_if action=reinterpret pc=0x00000257dc48aec8 method=org.springframework.beans.factory.support.AbstractAutowireCapableBeanFactory.determineTargetType(Ljava/lang/String;Lorg/springframework/beans/factory/support/RootBeanDefinit
Event: 17.741 Thread 0x00000257ec256d00 DEOPT PACKING pc=0x00000257dc48aec8 sp=0x000000ca5f4fd8d0
Event: 17.741 Thread 0x00000257ec256d00 DEOPT UNPACKING pc=0x00000257d48e23a3 sp=0x000000ca5f4fd888 mode 2

Classes loaded (20 events):
Event: 17.105 Loading class com/sun/xml/internal/stream/events/XMLEventFactoryImpl
Event: 17.106 Loading class com/sun/xml/internal/stream/events/XMLEventFactoryImpl done
Event: 17.159 Loading class javax/naming/InvalidNameException
Event: 17.159 Loading class javax/naming/InvalidNameException done
Event: 17.159 Loading class javax/naming/event/NamingListener
Event: 17.160 Loading class javax/naming/event/NamingListener done
Event: 17.160 Loading class javax/naming/event/NamespaceChangeListener
Event: 17.161 Loading class javax/naming/event/NamespaceChangeListener done
Event: 17.301 Loading class java/io/PipedOutputStream
Event: 17.301 Loading class java/io/PipedOutputStream done
Event: 17.616 Loading class jdk/internal/ValueBased
Event: 17.616 Loading class jdk/internal/ValueBased done
Event: 17.722 Loading class sun/security/provider/MD5
Event: 17.722 Loading class sun/security/provider/MD5 done
Event: 17.723 Loading class sun/security/provider/ByteArrayAccess$LE
Event: 17.723 Loading class sun/security/provider/ByteArrayAccess$LE done
Event: 17.724 Loading class java/lang/StrictMath
Event: 17.725 Loading class java/lang/StrictMath done
Event: 17.725 Loading class java/math/MutableBigInteger
Event: 17.727 Loading class java/math/MutableBigInteger done

Classes unloaded (0 events):
No events

Classes redefined (0 events):
No events

Internal exceptions (20 events):
Event: 13.968 Thread 0x00000257ec256d00 Exception <a 'sun/nio/fs/WindowsException'{0x00000000e4b4f578}> (0x00000000e4b4f578) 
thrown [s\open\src\hotspot\share\prims\jni.cpp, line 516]
Event: 13.970 Thread 0x00000257ec256d00 Exception <a 'sun/nio/fs/WindowsException'{0x00000000e4b55278}> (0x00000000e4b55278) 
thrown [s\open\src\hotspot\share\prims\jni.cpp, line 516]
Event: 13.971 Thread 0x00000257ec256d00 Exception <a 'sun/nio/fs/WindowsException'{0x00000000e4b55970}> (0x00000000e4b55970) 
thrown [s\open\src\hotspot\share\prims\jni.cpp, line 516]
Event: 14.246 Thread 0x00000257ec256d00 Exception <a 'java/io/FileNotFoundException'{0x00000000e4820428}> (0x00000000e4820428) 
thrown [s\open\src\hotspot\share\prims\jni.cpp, line 516]
Event: 14.317 Thread 0x00000257ec256d00 Exception <a 'java/lang/NoSuchMethodError'{0x00000000e4d51c30}: 'int java.lang.invoke.DirectMethodHandle$Holder.invokeInterface(java.lang.Object, java.lang.Object, java.lang.Object, java.lang.Object)'> (0x00000000e4d51c30) 
thrown [s\open\src\hotspot\share\interpreter\linkResolver.cpp, line 759]
Event: 14.456 Thread 0x00000257ec256d00 Implicit null exception at 0x00000257dc4d0060 to 0x00000257dc4d05ac
Event: 14.693 Thread 0x00000257ec256d00 Exception <a 'java/lang/NoSuchMethodError'{0x00000000e4d9cc80}: 'void java.lang.invoke.DirectMethodHandle$Holder.invokeStaticInit(java.lang.Object, java.lang.Object, java.lang.Object, java.lang.Object, java.lang.Object)'> (0x00000000e4d9cc80) 
thrown [s\open\src\hotspot\share\interpreter\linkResolver.cpp, line 759]
Event: 14.957 Thread 0x00000257ec256d00 Exception <a 'java/lang/NoSuchMethodError'{0x00000000e4ec2ec0}: 'java.lang.Object java.lang.invoke.DirectMethodHandle$Holder.invokeStaticInit(java.lang.Object, java.lang.Object, java.lang.Object, java.lang.Object)'> (0x00000000e4ec2ec0) 
thrown [s\open\src\hotspot\share\interpreter\linkResolver.cpp, line 759]
Event: 15.080 Thread 0x00000257ec256d00 Exception <a 'java/io/FileNotFoundException'{0x00000000e4ce00b0}> (0x00000000e4ce00b0) 
thrown [s\open\src\hotspot\share\prims\jni.cpp, line 516]
Event: 15.165 Thread 0x00000257ec256d00 Exception <a 'java/lang/NoSuchMethodError'{0x00000000e4841190}: 'java.lang.Object java.lang.invoke.DirectMethodHandle$Holder.invokeVirtual(java.lang.Object, java.lang.Object, java.lang.Object, java.lang.Object, java.lang.Object, java.lang.Object, java.lang.Object, java.lang.Object, java.lang.Object)'> (0x00000000e4841190) 
thrown [s\open\src\hotspot\share\interpreter\linkResolver.cpp, line 759]
Event: 15.166 Thread 0x00000257ec256d00 Exception <a 'java/lang/NoSuchMethodError'{0x00000000e4845ec0}: 'java.lang.Object java.lang.invoke.DirectMethodHandle$Holder.invokeSpecial(java.lang.Object, java.lang.Object, java.lang.Object, java.lang.Object, java.lang.Object, java.lang.Object, java.lang.Object, java.lang.Object, java.lang.Object, java.lang.Object)'> (0x00000000e4845ec0) 
thrown [s\open\src\hotspot\share\interpreter\linkResolver.cpp, line 759]
Event: 15.218 Thread 0x00000257ec256d00 Exception <a 'java/lang/NoSuchMethodError'{0x00000000e5003ed8}: 'java.lang.Object java.lang.invoke.DirectMethodHandle$Holder.invokeVirtual(java.lang.Object, java.lang.Object, int)'> (0x00000000e5003ed8) 
thrown [s\open\src\hotspot\share\interpreter\linkResolver.cpp, line 759]
Event: 15.235 Thread 0x00000257ec256d00 Exception <a 'java/lang/NoSuchMethodError'{0x00000000e50850f8}: 'int java.lang.invoke.DirectMethodHandle$Holder.invokeSpecialIFC(java.lang.Object, java.lang.Object, java.lang.Object)'> (0x00000000e50850f8) 
thrown [s\open\src\hotspot\share\interpreter\linkResolver.cpp, line 759]
Event: 15.360 Thread 0x00000257ec256d00 Exception <a 'java/lang/NoSuchMethodError'{0x00000000e510f488}: 'java.lang.Object java.lang.invoke.DirectMethodHandle$Holder.invokeSpecial(java.lang.Object, java.lang.Object, java.lang.Object, java.lang.Object, java.lang.Object, int, java.lang.Object)'> (0x00000000e510f488) 
thrown [s\open\src\hotspot\share\interpreter\linkResolver.cpp, line 759]
Event: 15.449 Thread 0x00000257ec256d00 Implicit null exception at 0x00000257dc392352 to 0x00000257dc392814
Event: 15.524 Thread 0x00000257ec256d00 Exception <a 'java/lang/NoSuchMethodError'{0x00000000e4d7a540}: 'java.lang.Object java.lang.invoke.DirectMethodHandle$Holder.newInvokeSpecial(java.lang.Object, java.lang.Object, int)'> (0x00000000e4d7a540) 
thrown [s\open\src\hotspot\share\interpreter\linkResolver.cpp, line 759]
Event: 15.669 Thread 0x00000257ec256d00 Exception <a 'java/lang/NoSuchMethodError'{0x00000000e4b6b8d8}: 'java.lang.Object java.lang.invoke.DirectMethodHandle$Holder.newInvokeSpecial(java.lang.Object, java.lang.Object, java.lang.Object, java.lang.Object, java.lang.Object, java.lang.Object, java.lang.Object, java.lang.Object, java.lang.Object, java.lang.Object, java.lang.Object)'> (0x00000000e4b6b8d8) 
thrown [s\open\src\hotspot\share\interpreter\linkResolver.cpp, line 759]
Event: 15.671 Thread 0x00000257ec256d00 Exception <a 'java/lang/NoSuchMethodError'{0x00000000e4b70b00}: 'java.lang.Object java.lang.invoke.DirectMethodHandle$Holder.invokeSpecial(java.lang.Object, java.lang.Object, java.lang.Object, java.lang.Object, java.lang.Object, java.lang.Object, java.lang.Object, java.lang.Object, java.lang.Object, java.lang.Object, java.lang.Object, java.lang.Object)'> (0x00000000e4b70b00) 
thrown [s\open\src\hotspot\share\interpreter\linkResolver.cpp, line 759]
Event: 15.793 Thread 0x00000257ec256d00 Exception <a 'java/lang/NoSuchMethodError'{0x00000000e5129c30}: 'int java.lang.invoke.DirectMethodHandle$Holder.invokeVirtual(java.lang.Object, java.lang.Object, java.lang.Object)'> (0x00000000e5129c30) 
thrown [s\open\src\hotspot\share\interpreter\linkResolver.cpp, line 759]
Event: 17.305 Thread 0x00000257ec256d00 Exception <a 'java/lang/NoSuchMethodError'{0x00000000e517e000}: 'void java.lang.invoke.DirectMethodHandle$Holder.invokeVirtual(java.lang.Object, java.lang.Object)'> (0x00000000e517e000) 
thrown [s\open\src\hotspot\share\interpreter\linkResolver.cpp, line 759]

VM Operations (20 events):
Event: 15.271 Executing VM operation: G1Concurrent done
Event: 15.290 Executing VM operation: G1Concurrent
Event: 15.291 Executing VM operation: G1Concurrent done
Event: 15.656 Executing VM operation: HandshakeAllThreads
Event: 15.656 Executing VM operation: HandshakeAllThreads done
Event: 15.718 Executing VM operation: G1CollectForAllocation
Event: 15.722 Executing VM operation: G1CollectForAllocation done
Event: 16.112 Executing VM operation: HandshakeAllThreads
Event: 16.112 Executing VM operation: HandshakeAllThreads done
Event: 16.558 Executing VM operation: G1CollectForAllocation
Event: 16.563 Executing VM operation: G1CollectForAllocation done
Event: 16.614 Executing VM operation: G1Concurrent
Event: 16.618 Executing VM operation: G1Concurrent done
Event: 16.638 Executing VM operation: G1Concurrent
Event: 16.639 Executing VM operation: G1Concurrent done
Event: 17.153 Executing VM operation: G1CollectForAllocation
Event: 17.158 Executing VM operation: G1CollectForAllocation done
Event: 17.741 Executing VM operation: G1CollectForAllocation
Event: 17.746 Executing VM operation: G1CollectForAllocation done
Event: 17.813 Executing VM operation: G1Concurrent

Events (20 events):
Event: 0.986 Thread 0x00000257eb8449d0 Thread added: 0x00000257eb8449d0
Event: 1.068 Loaded shared library C:\Program Files\Java\jdk-18.0.2\bin\net.dll
Event: 1.083 Loaded shared library C:\Program Files\Java\jdk-18.0.2\bin\nio.dll
Event: 1.099 Loaded shared library C:\Program Files\Java\jdk-18.0.2\bin\zip.dll
Event: 1.733 Loaded shared library C:\Program Files\Java\jdk-18.0.2\bin\verify.dll
Event: 1.877 Loaded shared library C:\Program Files\Java\jdk-18.0.2\bin\jimage.dll
Event: 3.775 Loaded shared library C:\Program Files\Java\jdk-18.0.2\bin\management.dll
Event: 3.788 Loaded shared library C:\Program Files\Java\jdk-18.0.2\bin\management_ext.dll
Event: 4.013 Thread 0x00000257ec256020 Thread added: 0x00000257ec256020
Event: 4.037 Thread 0x00000257ec256d00 Thread added: 0x00000257ec256d00
Event: 5.856 Thread 0x00000257ec3f4050 Thread added: 0x00000257ec3f4050
Event: 7.281 Thread 0x00000257ebf79c20 Thread added: 0x00000257ebf79c20
Event: 8.764 Thread 0x00000257ebf79c20 Thread exited: 0x00000257ebf79c20
Event: 9.832 Thread 0x00000257ec3f4050 Thread exited: 0x00000257ec3f4050
Event: 13.839 Loaded shared library C:\Program Files\Java\jdk-18.0.2\bin\sunmscapi.dll
Event: 14.936 Thread 0x00000257ec8d03b0 Thread added: 0x00000257ec8d03b0
Event: 15.047 Thread 0x00000257ec8d0880 Thread added: 0x00000257ec8d0880
Event: 15.093 Thread 0x00000257ec8cf070 Thread added: 0x00000257ec8cf070
Event: 15.098 Thread 0x00000257edbcaa90 Thread added: 0x00000257edbcaa90
Event: 15.110 Thread 0x00000257edbcb430 Thread added: 0x00000257edbcb430


Dynamic libraries:
0x00007ff73e4d0000 - 0x00007ff73e4e0000 	C:\Program Files\Java\jdk-18.0.2\bin\javaw.exe
0x00007ffa9be10000 - 0x00007ffa9c008000 	C:\WINDOWS\SYSTEM32\ntdll.dll
0x00007ffa60550000 - 0x00007ffa60567000 	C:\Program Files\Avast Software\Avast\aswhook.dll
0x00007ffa9aea0000 - 0x00007ffa9af5d000 	C:\WINDOWS\System32\KERNEL32.DLL
0x00007ffa99880000 - 0x00007ffa99b4e000 	C:\WINDOWS\System32\KERNELBASE.dll
0x00007ffa99600000 - 0x00007ffa99700000 	C:\WINDOWS\System32\ucrtbase.dll
0x00007ffa84710000 - 0x00007ffa84728000 	C:\Program Files\Java\jdk-18.0.2\bin\jli.dll
0x00007ffa85930000 - 0x00007ffa8594a000 	C:\Program Files\Java\jdk-18.0.2\bin\VCRUNTIME140.dll
0x00007ffa9b7d0000 - 0x00007ffa9b87e000 	C:\WINDOWS\System32\ADVAPI32.dll
0x00007ffa9aaa0000 - 0x00007ffa9ab3e000 	C:\WINDOWS\System32\msvcrt.dll
0x00007ffa9b730000 - 0x00007ffa9b7cc000 	C:\WINDOWS\System32\sechost.dll
0x00007ffa9bac0000 - 0x00007ffa9bbe5000 	C:\WINDOWS\System32\RPCRT4.dll
0x00007ffa99e70000 - 0x00007ffa9a010000 	C:\WINDOWS\System32\USER32.dll
0x00007ffa84ae0000 - 0x00007ffa84d7a000 	C:\WINDOWS\WinSxS\amd64_microsoft.windows.common-controls_6595b64144ccf1df_6.0.19041.1110_none_60b5254171f9507e\COMCTL32.dll
0x00007ffa99790000 - 0x00007ffa997b2000 	C:\WINDOWS\System32\win32u.dll
0x00007ffa9bbf0000 - 0x00007ffa9bc1a000 	C:\WINDOWS\System32\GDI32.dll
0x00007ffa99cb0000 - 0x00007ffa99dbb000 	C:\WINDOWS\System32\gdi32full.dll
0x00007ffa99530000 - 0x00007ffa995cd000 	C:\WINDOWS\System32\msvcp_win.dll
0x00007ffa92b20000 - 0x00007ffa92b2a000 	C:\WINDOWS\SYSTEM32\VERSION.dll
0x00007ffa9b610000 - 0x00007ffa9b640000 	C:\WINDOWS\System32\IMM32.DLL
0x00007ffa85920000 - 0x00007ffa8592c000 	C:\Program Files\Java\jdk-18.0.2\bin\vcruntime140_1.dll
0x00007ffa53180000 - 0x00007ffa5320d000 	C:\Program Files\Java\jdk-18.0.2\bin\msvcp140.dll
0x00007ffa42cc0000 - 0x00007ffa438d1000 	C:\Program Files\Java\jdk-18.0.2\bin\server\jvm.dll
0x00007ffa9a010000 - 0x00007ffa9a018000 	C:\WINDOWS\System32\PSAPI.DLL
0x00007ffa8a360000 - 0x00007ffa8a369000 	C:\WINDOWS\SYSTEM32\WSOCK32.dll
0x00007ffa9bd60000 - 0x00007ffa9bdcb000 	C:\WINDOWS\System32\WS2_32.dll
0x00007ffa84e20000 - 0x00007ffa84e47000 	C:\WINDOWS\SYSTEM32\WINMM.dll
0x00007ffa973e0000 - 0x00007ffa973f2000 	C:\WINDOWS\SYSTEM32\kernel.appcore.dll
0x00007ffa84700000 - 0x00007ffa8470a000 	C:\Program Files\Java\jdk-18.0.2\bin\jimage.dll
0x00007ffa90200000 - 0x00007ffa903e4000 	C:\WINDOWS\SYSTEM32\DBGHELP.DLL
0x00007ffa8f920000 - 0x00007ffa8f94c000 	C:\WINDOWS\SYSTEM32\dbgcore.DLL
0x00007ffa99700000 - 0x00007ffa99782000 	C:\WINDOWS\System32\bcryptPrimitives.dll
0x00007ffa53150000 - 0x00007ffa53175000 	C:\Program Files\Java\jdk-18.0.2\bin\java.dll
0x00007ffa53070000 - 0x00007ffa53146000 	C:\Program Files\Java\jdk-18.0.2\bin\jsvml.dll
0x00007ffa9a230000 - 0x00007ffa9a973000 	C:\WINDOWS\System32\SHELL32.dll
0x00007ffa975e0000 - 0x00007ffa97d75000 	C:\WINDOWS\SYSTEM32\windows.storage.dll
0x00007ffa9ab40000 - 0x00007ffa9ae94000 	C:\WINDOWS\System32\combase.dll
0x00007ffa98ea0000 - 0x00007ffa98ed0000 	C:\WINDOWS\SYSTEM32\Wldp.dll
0x00007ffa9a9f0000 - 0x00007ffa9aa9d000 	C:\WINDOWS\System32\SHCORE.dll
0x00007ffa9a990000 - 0x00007ffa9a9e5000 	C:\WINDOWS\System32\shlwapi.dll
0x00007ffa99470000 - 0x00007ffa9948f000 	C:\WINDOWS\SYSTEM32\profapi.dll
0x00007ffa846e0000 - 0x00007ffa846f3000 	C:\Program Files\Java\jdk-18.0.2\bin\net.dll
0x00007ffa928f0000 - 0x00007ffa929fa000 	C:\WINDOWS\SYSTEM32\WINHTTP.dll
0x00007ffa98bc0000 - 0x00007ffa98c2a000 	C:\WINDOWS\system32\mswsock.dll
0x00007ffa57a60000 - 0x00007ffa57a76000 	C:\Program Files\Java\jdk-18.0.2\bin\nio.dll
0x00007ffa57a40000 - 0x00007ffa57a58000 	C:\Program Files\Java\jdk-18.0.2\bin\zip.dll
0x00007ffa96440000 - 0x00007ffa96450000 	C:\Program Files\Java\jdk-18.0.2\bin\verify.dll
0x00007ffa965b0000 - 0x00007ffa965b9000 	C:\Program Files\Java\jdk-18.0.2\bin\management.dll
0x00007ffa96480000 - 0x00007ffa9648b000 	C:\Program Files\Java\jdk-18.0.2\bin\management_ext.dll
0x00007ffa812d0000 - 0x00007ffa812e7000 	C:\WINDOWS\system32\napinsp.dll
0x00007ffa82100000 - 0x00007ffa8211b000 	C:\WINDOWS\system32\pnrpnsp.dll
0x00007ffa82040000 - 0x00007ffa82055000 	C:\WINDOWS\system32\wshbth.dll
0x00007ffa94ee0000 - 0x00007ffa94efd000 	C:\WINDOWS\system32\NLAapi.dll
0x00007ffa988d0000 - 0x00007ffa9890b000 	C:\WINDOWS\SYSTEM32\IPHLPAPI.DLL
0x00007ffa98910000 - 0x00007ffa989da000 	C:\WINDOWS\SYSTEM32\DNSAPI.dll
0x00007ffa9a980000 - 0x00007ffa9a988000 	C:\WINDOWS\System32\NSI.dll
0x00007ffa8aa00000 - 0x00007ffa8aa12000 	C:\WINDOWS\System32\winrnr.dll
0x00007ffa8e570000 - 0x00007ffa8e57a000 	C:\Windows\System32\rasadhlp.dll
0x00007ffa8bd00000 - 0x00007ffa8bd80000 	C:\WINDOWS\System32\fwpuclnt.dll
0x00007ffa995d0000 - 0x00007ffa995f7000 	C:\WINDOWS\System32\bcrypt.dll
0x00007ffa98d60000 - 0x00007ffa98d78000 	C:\WINDOWS\SYSTEM32\CRYPTSP.dll
0x00007ffa98560000 - 0x00007ffa98594000 	C:\WINDOWS\system32\rsaenh.dll
0x00007ffa993f0000 - 0x00007ffa9941e000 	C:\WINDOWS\SYSTEM32\USERENV.dll
0x00007ffa98d80000 - 0x00007ffa98d8c000 	C:\WINDOWS\SYSTEM32\CRYPTBASE.dll
0x00007ffa922e0000 - 0x00007ffa922f7000 	C:\WINDOWS\SYSTEM32\dhcpcsvc6.DLL
0x00007ffa92b00000 - 0x00007ffa92b1d000 	C:\WINDOWS\SYSTEM32\dhcpcsvc.DLL
0x00007ffa96430000 - 0x00007ffa9643e000 	C:\Program Files\Java\jdk-18.0.2\bin\sunmscapi.dll
0x00007ffa99b50000 - 0x00007ffa99ca6000 	C:\WINDOWS\System32\CRYPT32.dll
0x00007ffa98f30000 - 0x00007ffa98f57000 	C:\WINDOWS\SYSTEM32\ncrypt.dll
0x00007ffa98ef0000 - 0x00007ffa98f2b000 	C:\WINDOWS\SYSTEM32\NTASN1.dll

dbghelp: loaded successfully - version: 4.0.5 - missing functions: none
symbol engine: initialized successfully - sym options: 0x614 - pdb path: .;C:\Program Files\Java\jdk-18.0.2\bin;C:\WINDOWS\SYSTEM32;C:\Program Files\Avast Software\Avast;C:\WINDOWS\WinSxS\amd64_microsoft.windows.common-controls_6595b64144ccf1df_6.0.19041.1110_none_60b5254171f9507e;C:\Program Files\Java\jdk-18.0.2\bin\server

VM Arguments:
jvm_args: -Dfile.encoding=UTF-8 -XX:+ShowCodeDetailsInExceptionMessages 
java_command: com.paymentservicepb.PaymentServicePbApplication
java_class_path (initial): C:\Users\Usuario\Documents\payment-service-pb\target\classes;C:\Users\Usuario\.m2\repository\org\springframework\boot\spring-boot-starter-data-jpa\2.7.4\spring-boot-starter-data-jpa-2.7.4.jar;C:\Users\Usuario\.m2\repository\org\springframework\boot\spring-boot-starter-aop\2.7.4\spring-boot-starter-aop-2.7.4.jar;C:\Users\Usuario\.m2\repository\org\springframework\spring-aop\5.3.23\spring-aop-5.3.23.jar;C:\Users\Usuario\.m2\repository\org\aspectj\aspectjweaver\1.9.7\aspectjweaver-1.9.7.jar;C:\Users\Usuario\.m2\repository\org\springframework\boot\spring-boot-starter-jdbc\2.7.4\spring-boot-starter-jdbc-2.7.4.jar;C:\Users\Usuario\.m2\repository\com\zaxxer\HikariCP\4.0.3\HikariCP-4.0.3.jar;C:\Users\Usuario\.m2\repository\org\springframework\spring-jdbc\5.3.23\spring-jdbc-5.3.23.jar;C:\Users\Usuario\.m2\repository\jakarta\transaction\jakarta.transaction-api\1.3.3\jakarta.transaction-api-1.3.3.jar;C:\Users\Usuario\.m2\repository\jakarta\persistence\jakarta.persistence-api\2.2.3\jakarta.persistence-api-2.2.3.jar;C:\Users\Usuario\.m2\repository\org\hibernate\hibernate-core\5.6.11.Final\hibernate-core-5.6.11.Final.jar;C:\Users\Usuario\.m2\repository\org\jboss\logging\jboss-logging\3.4.3.Final\jboss-logging-3.4.3.Final.jar;C:\Users\Usuario\.m2\repository\net\bytebuddy\byte-buddy\1.12.17\byte-buddy-1.12.17.jar;C:\Users\Usuario\.m2\repository\antlr\antlr\2.7.7\antlr-2.7.7.jar;C:\Users\Usuario\.m2\repository\org\jboss\jandex\2.4.2.Final\jandex-2.4.2.Final.jar;C:\Users\Usuario\.m2\repository\com\fasterxml\classmate\1.5.1\classmate-1.5.1.jar;C:\Users\Usuario\.m2\repository\org\hibernate\common\hibernate-commons-annotations\5.1.2.Final\hibernate-commons-annotations-5.1.2.Final.jar;C:\Users\Usuario\.m2\repository\org\glassfish\jaxb\jaxb-runtime\2.3.6\jaxb-runtime-2.3.6.jar;C:\Users\Usuario\.m2\repository\org\glassfish\jaxb\txw2\2.3.6\txw2-2.3.6.jar;C:\Users\Usuario\.m2\repository\com\sun\istack\istack-commons-runtime\3.0.12\istack-commons-runtime-3.0.12.jar;C:\Users\Usuario\.m2\repository\com\sun\activation\jakarta.activation\1.2.2\jakarta.activation-1.2.2.jar;C:\Users\Usuario\.m2\repository\org\springframework\data\spring-data-jpa\2.7.3\spring-data-jpa-2.7.3.jar;C:\Users\Usuario\.m2\repository\org\springframework\data\spring-data-commons\2.7.3\spring-data-commons-2.7.3.jar;C:\Users\Usuario\.m2\repository\org\springframework\spring-orm\5.3.23\spring-orm-5.3.23.jar;C:\Users\Usuario\.m2\repository\org\springframework\spring-context\5.3.23\spring-context-5.3.23.jar;C:\Users\Usuario\.m2\repository\org\springframework\spring-tx\5.3.23\spring-tx-5.3.23.jar;C:\Users\Usuario\.m2\repository\org\springframework\spring-beans\5.3.23\spring-beans-5.3.23.jar;C:\Users\Usuario\.m2\repository\org\slf4j\slf4j-api\1.7.36\slf4j-api-1.7.36.jar;C:\Users\Usuario\.m2\repository\org\springframework\spring-aspects\5.3.23\spring-aspects-5.3.23.jar;C:\Users\Usuario\.m2\repository\org\springframework\boot\spring-boot-starter-validation\2.7.4\spring-boot-starter-validation-2.7.4.jar;C:\Users\Usuario\.m2\repository\org\springframework\boot\spring-boot-starter\2.7.4\spring-boot-starter-2.7.4.jar;C:\Users\Usuario\.m2\repository\org\springframework\boot\spring-boot-starter-logging\2.7.4\spring-boot-starter-logging-2.7.4.jar;C:\Users\Usuario\.m2\repository\ch\qos\logback\logback-classic\1.2.11\logback-classic-1.2.11.jar;C:\Users\Usuario\.m2\repository\ch\qos\logback\logback-core\1.2.11\logback-core-1.2.11.jar;C:\Users\Usuario\.m2\repository\org\apache\logging\log4j\log4j-to-slf4j\2.17.2\log4j-to-slf4j-2.17.2.jar;C:\Users\Usuario\.m2\repository\org\apache\logging\log4j\log4j-api\2.17.2\log4j-api-2.17.2.jar;C:\Users\Usuario\.m2\repository\org\slf4j\jul-to-slf4j\1.7.36\jul-to-slf4j-1.7.36.jar;C:\Users\Usuario\.m2\repository\jakarta\annotation\jakarta.annotation-api\1.3.5\jakarta.annotation-api-1.3.5.jar;C:\Users\Usuario\.m2\repository\org\yaml\snakeyaml\1.30\snakeyaml-1.30.jar;C:\Users\Usuario\.m2\repository\org\apache\tomcat\embed\tomcat-embed-el\9.0.65\tomcat-embed-el-9.0.65.jar;C:\Users\Usuario\.m2\repository\org\hibernate\validator\hibernate-validator\6.2.5.Final\hibernate-validator-6.2.5.Final.jar;C:\Users\Usuario\.m2\repository\jakarta\validation\jakarta.validation-api\2.0.2\jakarta.validation-api-2.0.2.jar;C:\Users\Usuario\.m2\repository\org\springframework\boot\spring-boot-starter-web\2.7.4\spring-boot-starter-web-2.7.4.jar;C:\Users\Usuario\.m2\repository\org\springframework\boot\spring-boot-starter-json\2.7.4\spring-boot-starter-json-2.7.4.jar;C:\Users\Usuario\.m2\repository\com\fasterxml\jackson\core\jackson-databind\2.13.4\jackson-databind-2.13.4.jar;C:\Users\Usuario\.m2\repository\com\fasterxml\jackson\core\jackson-annotations\2.13.4\jackson-annotations-2.13.4.jar;C:\Users\Usuario\.m2\repository\com\fasterxml\jackson\core\jackson-core\2.13.4\jackson-core-2.13.4.jar;C:\Users\Usuario\.m2\repository\com\fasterxml\jackson\datatype\jackson-datatype-jdk8\2.13.4\jackson-datatype-jdk8-2.13.4.jar;C:\Users\Usuario\.m2\repository\com\fasterxml\jackson\datatype\jackson-datatype-jsr310\2.13.4\jackson-datatype-jsr310-2.13.4.jar;C:\Users\Usuario\.m2\repository\com\fasterxml\jackson\module\jackson-module-parameter-names\2.13.4\jackson-module-parameter-names-2.13.4.jar;C:\Users\Usuario\.m2\repository\org\springframework\boot\spring-boot-starter-tomcat\2.7.4\spring-boot-starter-tomcat-2.7.4.jar;C:\Users\Usuario\.m2\repository\org\apache\tomcat\embed\tomcat-embed-core\9.0.65\tomcat-embed-core-9.0.65.jar;C:\Users\Usuario\.m2\repository\org\apache\tomcat\embed\tomcat-embed-websocket\9.0.65\tomcat-embed-websocket-9.0.65.jar;C:\Users\Usuario\.m2\repository\org\springframework\spring-web\5.3.23\spring-web-5.3.23.jar;C:\Users\Usuario\.m2\repository\org\springframework\spring-webmvc\5.3.23\spring-webmvc-5.3.23.jar;C:\Users\Usuario\.m2\repository\org\springframework\spring-expression\5.3.23\spring-expression-5.3.23.jar;C:\Users\Usuario\.m2\repository\org\flywaydb\flyway-core\8.5.13\flyway-core-8.5.13.jar;C:\Users\Usuario\.m2\repository\org\springframework\boot\spring-boot-devtools\2.7.4\spring-boot-devtools-2.7.4.jar;C:\Users\Usuario\.m2\repository\org\springframework\boot\spring-boot\2.7.4\spring-boot-2.7.4.jar;C:\Users\Usuario\.m2\repository\org\springframework\boot\spring-boot-autoconfigure\2.7.4\spring-boot-autoconfigure-2.7.4.jar;C:\Users\Usuario\.m2\repository\com\h2database\h2\2.1.214\h2-2.1.214.jar;C:\Users\Usuario\.m2\repository\org\projectlombok\lombok\1.18.24\lombok-1.18.24.jar;C:\Users\Usuario\.m2\repository\jakarta\xml\bind\jakarta.xml.bind-api\2.3.3\jakarta.xml.bind-api-2.3.3.jar;C:\Users\Usuario\.m2\repository\jakarta\activation\jakarta.activation-api\1.2.2\jakarta.activation-api-1.2.2.jar;C:\Users\Usuario\.m2\repository\org\springframework\spring-core\5.3.23\spring-core-5.3.23.jar;C:\Users\Usuario\.m2\repository\org\springframework\spring-jcl\5.3.23\spring-jcl-5.3.23.jar;C:\Users\Usuario\.m2\repository\org\modelmapper\modelmapper\3.1.0\modelmapper-3.1.0.jar
Launcher Type: SUN_STANDARD

[Global flags]
     intx CICompilerCount                          = 3                                         {product} {ergonomic}
     uint ConcGCThreads                            = 1                                         {product} {ergonomic}
     uint G1ConcRefinementThreads                  = 4                                         {product} {ergonomic}
   size_t G1HeapRegionSize                         = 1048576                                   {product} {ergonomic}
    uintx GCDrainStackTargetSize                   = 64                                        {product} {ergonomic}
   size_t InitialHeapSize                          = 31457280                                  {product} {ergonomic}
   size_t MarkStackSize                            = 4194304                                   {product} {ergonomic}
   size_t MaxHeapSize                              = 488636416                                 {product} {ergonomic}
   size_t MaxNewSize                               = 292552704                                 {product} {ergonomic}
   size_t MinHeapDeltaBytes                        = 1048576                                   {product} {ergonomic}
   size_t MinHeapSize                              = 8388608                                   {product} {ergonomic}
    uintx NonNMethodCodeHeapSize                   = 5832780                                {pd product} {ergonomic}
    uintx NonProfiledCodeHeapSize                  = 122912730                              {pd product} {ergonomic}
    uintx ProfiledCodeHeapSize                     = 122912730                              {pd product} {ergonomic}
    uintx ReservedCodeCacheSize                    = 251658240                              {pd product} {ergonomic}
     bool SegmentedCodeCache                       = true                                      {product} {ergonomic}
     bool ShowCodeDetailsInExceptionMessages       = true                                   {manageable} {command line}
   size_t SoftMaxHeapSize                          = 488636416                              {manageable} {ergonomic}
     bool UseCompressedClassPointers               = true                           {product lp64_product} {ergonomic}
     bool UseCompressedOops                        = true                           {product lp64_product} {ergonomic}
     bool UseG1GC                                  = true                                      {product} {ergonomic}
     bool UseLargePagesIndividualAllocation        = false                                  {pd product} {ergonomic}

Logging:
Log output configuration:
 #0: stdout all=warning uptime,level,tags foldmultilines=false
 #1: stderr all=off uptime,level,tags foldmultilines=false

Environment Variables:
PATH=C:\Program Files\Common Files\Oracle\Java\javapath;C:\Program Files (x86)\Common Files\Oracle\Java\javapath;C:\WINDOWS\system32;C:\WINDOWS;C:\WINDOWS\System32\Wbem;C:\WINDOWS\System32\WindowsPowerShell\v1.0\;C:\WINDOWS\System32\OpenSSH\;C:\ProgramData\UNIVALI\Portugol Studio;C:\Program Files\Microsoft SQL Server\Client SDK\ODBC\170\Tools\Binn\;C:\Program Files (x86)\Microsoft SQL Server\150\Tools\Binn\;C:\Program Files\Microsoft SQL Server\150\Tools\Binn\;C:\Program Files\Microsoft SQL Server\150\DTS\Binn\;C:\Program Files\Azure Data Studio\bin;C:\Program Files (x86)\Microsoft SQL Server\150\DTS\Binn\;C:\Program Files\nodejs\;C:\Program Files (x86)\Git\cmd;C:\Program Files (x86)\apache-maven-3.8.6\bin;C:\Program Files\MySQL\MySQL Shell 8.0\bin\;C:\Users\Usuario\AppData\Local\Microsoft\WindowsApps;C:\Program Files\Azure Data Studio\bin;C:\Users\Usuario\AppData\Local\Programs\Microsoft VS Code\bin;C:\Users\Usuario\AppData\Roaming\npm;
USERNAME=Usuario
OS=Windows_NT
PROCESSOR_IDENTIFIER=Intel64 Family 6 Model 42 Stepping 7, GenuineIntel



---------------  S Y S T E M  ---------------

OS:
 Windows 10 , 64 bit Build 19041 (10.0.19041.1889)
OS uptime: 5 days 16:11 hours
Hyper-V role detected

CPU: total 4 (initial active 4) (2 cores per cpu, 2 threads per core) family 6 model 42 stepping 7 microcode 0x2f, cx8, cmov, fxsr, ht, mmx, sse, sse2, sse3, ssse3, sse4.1, sse4.2, popcnt, tsc, tscinvbit, avx, aes, clmul, vzeroupper, clflush, hv

Memory: 4k page, system-wide physical 1861M (68M free)
TotalPageFile size 7493M (AvailPageFile size 8M)
current process WorkingSet (physical memory assigned to process): 148M, peak: 148M
current process commit charge ("private bytes"): 198M, peak: 203M

vm_info: Java HotSpot(TM) 64-Bit Server VM (18.0.2+9-61) for windows-amd64 JRE (18.0.2+9-61), built on Jun  7 2022 13:09:01 by "mach5one" with MS VC++ 16.8 / 16.9 (VS2019)

END.
